<?xml version="1.0" encoding="UTF-8"?>
<!-- Generated by org.testng.reporters.JUnitReportReporter -->
<testsuite hostname="DESKTOP-G7A9KI4" failures="0" tests="1" name="testCases.TC_002login" time="1.498" errors="0" timestamp="2025-02-04T22:52:45 IST" skipped="0">
  <testcase classname="testCases.TC_002login" name="verifyLogin" time="1.498"/>
  <system-out/>
</testsuite> <!-- testCases.TC_002login -->
