<?xml version="1.0" encoding="UTF-8"?>
<!-- Generated by org.testng.reporters.JUnitReportReporter -->
<testsuite hostname="DESKTOP-G7A9KI4" failures="0" tests="1" name="testCases.TS_003Logout" time="3.876" errors="0" timestamp="2024-12-27T18:49:43 IST" skipped="0">
  <testcase classname="testCases.TS_003Logout" name="verifyLogout" time="3.876"/>
  <system-out/>
</testsuite> <!-- testCases.TS_003Logout -->
