<?xml version="1.0" encoding="UTF-8"?>
<!-- Generated by org.testng.reporters.JUnitReportReporter -->
<testsuite hostname="DESKTOP-G7A9KI4" failures="0" tests="1" name="testCases.TS_006CompareProduct" time="0.614" errors="0" timestamp="2025-01-15T18:08:36 IST" skipped="0">
  <testcase classname="testCases.TS_006CompareProduct" name="verifyproductcompare" time="0.614"/>
  <system-out/>
</testsuite> <!-- testCases.TS_006CompareProduct -->
