<?xml version="1.0" encoding="UTF-8"?>
<!-- Generated by org.testng.reporters.JUnitReportReporter -->
<testsuite hostname="DESKTOP-G7A9KI4" failures="0" tests="1" name="testCases.TS_007ProductDisplayPage" time="4.085" errors="0" timestamp="2025-03-02T23:30:50 IST" skipped="0">
  <testcase classname="testCases.TS_007ProductDisplayPage" name="verify_ProductDisplayPage" time="4.085"/>
  <system-out/>
</testsuite> <!-- testCases.TS_007ProductDisplayPage -->
