<?xml version="1.0" encoding="UTF-8"?>
<!-- Generated by org.testng.reporters.JUnitReportReporter -->
<testsuite hostname="DESKTOP-G7A9KI4" failures="0" tests="1" name="testCases.TC_001Account_Registration" time="2.061" errors="0" timestamp="2025-01-26T19:28:01 IST" skipped="0">
  <testcase classname="testCases.TC_001Account_Registration" name="verify_account_registration" time="2.061"/>
  <system-out/>
</testsuite> <!-- testCases.TC_001Account_Registration -->
