<?xml version="1.0" encoding="UTF-8"?>
<!-- Generated by org.testng.reporters.JUnitReportReporter -->
<testsuite hostname="DESKTOP-G7A9KI4" failures="0" tests="1" name="testCases.TS_007ProductDisplayPage" time="4.953" errors="0" timestamp="2025-02-15T18:24:19 IST" skipped="0">
  <testcase classname="testCases.TS_007ProductDisplayPage" name="verify_ProductDisplayPage" time="4.953"/>
  <system-out/>
</testsuite> <!-- testCases.TS_007ProductDisplayPage -->
