<?xml version="1.0" encoding="UTF-8"?>
<!-- Generated by org.testng.reporters.JUnitReportReporter -->
<testsuite hostname="DESKTOP-G7A9KI4" failures="0" tests="7" name="testCases.TC_003LoginDDT" time="67.495" errors="0" timestamp="2025-02-04T22:52:45 IST" skipped="0">
  <testcase classname="testCases.TC_003LoginDDT" name="verifyLoginDDT" time="11.082"/>
  <system-out/>
  <testcase classname="testCases.TC_003LoginDDT" name="verifyLoginDDT" time="11.054"/>
  <system-out/>
  <testcase classname="testCases.TC_003LoginDDT" name="verifyLoginDDT" time="1.414"/>
  <system-out/>
  <testcase classname="testCases.TC_003LoginDDT" name="verifyLoginDDT" time="10.955"/>
  <system-out/>
  <testcase classname="testCases.TC_003LoginDDT" name="verifyLoginDDT" time="10.964"/>
  <system-out/>
  <testcase classname="testCases.TC_003LoginDDT" name="verifyLoginDDT" time="10.931"/>
  <system-out/>
  <testcase classname="testCases.TC_003LoginDDT" name="verifyLoginDDT" time="11.095"/>
  <system-out/>
</testsuite> <!-- testCases.TC_003LoginDDT -->
