<?xml version="1.0" encoding="UTF-8"?>
<!-- Generated by org.testng.reporters.JUnitReportReporter -->
<testsuite hostname="DESKTOP-G7A9KI4" failures="0" tests="1" name="testCases.TS_003Logout" time="3.815" errors="0" timestamp="2025-02-07T22:58:14 IST" skipped="0">
  <testcase classname="testCases.TS_003Logout" name="verifyLogout" time="3.815"/>
  <system-out/>
</testsuite> <!-- testCases.TS_003Logout -->
