<?xml version="1.0" encoding="UTF-8"?>
<!-- Generated by org.testng.reporters.JUnitReportReporter -->
<testsuite hostname="DESKTOP-G7A9KI4" failures="0" tests="1" name="testCases.TC_004search" time="4.227" errors="0" timestamp="2024-12-22T11:14:01 IST" skipped="0">
  <testcase classname="testCases.TC_004search" name="verifysearch" time="4.227"/>
  <system-out/>
</testsuite> <!-- testCases.TC_004search -->
