<?xml version="1.0" encoding="UTF-8"?>
<!-- Generated by org.testng.reporters.JUnitReportReporter -->
<testsuite hostname="DESKTOP-G7A9KI4" failures="0" tests="2" name="testCases.TC_002login" time="2.573" errors="0" timestamp="2024-12-26T12:15:40 IST" skipped="0">
  <testcase classname="testCases.TC_002login" name="verifyLogin" time="1.465"/>
  <system-out/>
  <testcase classname="testCases.TC_002login" name="verifyLogin" time="1.108"/>
  <system-out/>
</testsuite> <!-- testCases.TC_002login -->
