<?xml version="1.0" encoding="UTF-8"?>
<!-- Generated by org.testng.reporters.JUnitReportReporter -->
<testsuite hostname="DESKTOP-G7A9KI4" failures="0" tests="7" name="testCases.TC_003LoginDDT" time="67.909" errors="0" timestamp="2024-12-26T11:25:07 IST" skipped="0">
  <testcase classname="testCases.TC_003LoginDDT" name="verifyLoginDDT" time="10.992"/>
  <system-out/>
  <testcase classname="testCases.TC_003LoginDDT" name="verifyLoginDDT" time="11.286"/>
  <system-out/>
  <testcase classname="testCases.TC_003LoginDDT" name="verifyLoginDDT" time="10.993"/>
  <system-out/>
  <testcase classname="testCases.TC_003LoginDDT" name="verifyLoginDDT" time="1.541"/>
  <system-out/>
  <testcase classname="testCases.TC_003LoginDDT" name="verifyLoginDDT" time="11.152"/>
  <system-out/>
  <testcase classname="testCases.TC_003LoginDDT" name="verifyLoginDDT" time="10.930"/>
  <system-out/>
  <testcase classname="testCases.TC_003LoginDDT" name="verifyLoginDDT" time="11.015"/>
  <system-out/>
</testsuite> <!-- testCases.TC_003LoginDDT -->
