<?xml version="1.0" encoding="UTF-8"?>
<!-- Generated by org.testng.reporters.JUnitReportReporter -->
<testsuite hostname="DESKTOP-G7A9KI4" failures="0" tests="2" name="testCases.TC_001Account_Registration" time="13.674" errors="0" timestamp="2024-12-25T16:36:53 IST" skipped="0">
  <testcase classname="testCases.TC_001Account_Registration" name="verify_account_registration" time="5.041"/>
  <system-out/>
  <testcase classname="testCases.TC_001Account_Registration" name="verify_account_registration" time="8.633"/>
  <system-out/>
</testsuite> <!-- testCases.TC_001Account_Registration -->
